  CheatEnginePatreonHack.cpp
C:\Program Files (x86)\Windows Kits\10\Include\10.0.19041.0\um\winbase.h(7679,48): warning C5039: 'TpSetCallbackCleanupGroup': pointer or reference to potentially throwing function passed to 'extern "C"' function under -EHc. Undefined behavior may occur if this function throws an exception.
C:\Program Files (x86)\Windows Kits\10\Include\10.0.19041.0\um\winbase.h(7679,48): warning C5039:     TpSetCallbackCleanupGroup(pcbe, ptpcg, pfng);
C:\Program Files (x86)\Windows Kits\10\Include\10.0.19041.0\um\winbase.h(7679,48): warning C5039:                                                ^
C:\Program Files (x86)\Windows Kits\10\Include\10.0.19041.0\um\winioctl.h(10326,22): warning C4668: '_WIN32_WINNT_WIN10_TH2' is not defined as a preprocessor macro, replacing with '0' for '#if/#elif'
C:\Program Files (x86)\Windows Kits\10\Include\10.0.19041.0\um\winioctl.h(10326,22): warning C4668: #if (_WIN32_WINNT >= _WIN32_WINNT_WIN10_TH2)
C:\Program Files (x86)\Windows Kits\10\Include\10.0.19041.0\um\winioctl.h(10326,22): warning C4668:                      ^
C:\Program Files (x86)\Windows Kits\10\Include\10.0.19041.0\um\winioctl.h(10332,22): warning C4668: '_WIN32_WINNT_WIN10_RS1' is not defined as a preprocessor macro, replacing with '0' for '#if/#elif'
C:\Program Files (x86)\Windows Kits\10\Include\10.0.19041.0\um\winioctl.h(10332,22): warning C4668: #if (_WIN32_WINNT >= _WIN32_WINNT_WIN10_RS1)
C:\Program Files (x86)\Windows Kits\10\Include\10.0.19041.0\um\winioctl.h(10332,22): warning C4668:                      ^
C:\Program Files (x86)\Windows Kits\10\Include\10.0.19041.0\um\winioctl.h(10337,22): warning C4668: '_WIN32_WINNT_WIN10_TH2' is not defined as a preprocessor macro, replacing with '0' for '#if/#elif'
C:\Program Files (x86)\Windows Kits\10\Include\10.0.19041.0\um\winioctl.h(10337,22): warning C4668: #if (_WIN32_WINNT >= _WIN32_WINNT_WIN10_TH2)
C:\Program Files (x86)\Windows Kits\10\Include\10.0.19041.0\um\winioctl.h(10337,22): warning C4668:                      ^
C:\Program Files (x86)\Windows Kits\10\Include\10.0.19041.0\um\winioctl.h(10341,22): warning C4668: '_WIN32_WINNT_WIN10_TH2' is not defined as a preprocessor macro, replacing with '0' for '#if/#elif'
C:\Program Files (x86)\Windows Kits\10\Include\10.0.19041.0\um\winioctl.h(10341,22): warning C4668: #if (_WIN32_WINNT >= _WIN32_WINNT_WIN10_TH2)
C:\Program Files (x86)\Windows Kits\10\Include\10.0.19041.0\um\winioctl.h(10341,22): warning C4668:                      ^
C:\Program Files (x86)\Windows Kits\10\Include\10.0.19041.0\um\winioctl.h(10348,22): warning C4668: '_WIN32_WINNT_WIN10_RS2' is not defined as a preprocessor macro, replacing with '0' for '#if/#elif'
C:\Program Files (x86)\Windows Kits\10\Include\10.0.19041.0\um\winioctl.h(10348,22): warning C4668: #if (_WIN32_WINNT >= _WIN32_WINNT_WIN10_RS2)
C:\Program Files (x86)\Windows Kits\10\Include\10.0.19041.0\um\winioctl.h(10348,22): warning C4668:                      ^
C:\Program Files (x86)\Windows Kits\10\Include\10.0.19041.0\um\winioctl.h(10358,22): warning C4668: '_WIN32_WINNT_WIN10_RS2' is not defined as a preprocessor macro, replacing with '0' for '#if/#elif'
C:\Program Files (x86)\Windows Kits\10\Include\10.0.19041.0\um\winioctl.h(10358,22): warning C4668: #if (_WIN32_WINNT >= _WIN32_WINNT_WIN10_RS2)
C:\Program Files (x86)\Windows Kits\10\Include\10.0.19041.0\um\winioctl.h(10358,22): warning C4668:                      ^
C:\Program Files (x86)\Windows Kits\10\Include\10.0.19041.0\um\winioctl.h(10362,22): warning C4668: '_WIN32_WINNT_WIN10_TH2' is not defined as a preprocessor macro, replacing with '0' for '#if/#elif'
C:\Program Files (x86)\Windows Kits\10\Include\10.0.19041.0\um\winioctl.h(10362,22): warning C4668: #if (_WIN32_WINNT >= _WIN32_WINNT_WIN10_TH2)
C:\Program Files (x86)\Windows Kits\10\Include\10.0.19041.0\um\winioctl.h(10362,22): warning C4668:                      ^
C:\Program Files (x86)\Windows Kits\10\Include\10.0.19041.0\um\winioctl.h(10367,22): warning C4668: '_WIN32_WINNT_WIN10_RS3' is not defined as a preprocessor macro, replacing with '0' for '#if/#elif'
C:\Program Files (x86)\Windows Kits\10\Include\10.0.19041.0\um\winioctl.h(10367,22): warning C4668: #if (_WIN32_WINNT >= _WIN32_WINNT_WIN10_RS3)
C:\Program Files (x86)\Windows Kits\10\Include\10.0.19041.0\um\winioctl.h(10367,22): warning C4668:                      ^
C:\Program Files (x86)\Windows Kits\10\Include\10.0.19041.0\um\winioctl.h(10374,22): warning C4668: '_WIN32_WINNT_WIN10_RS4' is not defined as a preprocessor macro, replacing with '0' for '#if/#elif'
C:\Program Files (x86)\Windows Kits\10\Include\10.0.19041.0\um\winioctl.h(10374,22): warning C4668: #if (_WIN32_WINNT >= _WIN32_WINNT_WIN10_RS4)
C:\Program Files (x86)\Windows Kits\10\Include\10.0.19041.0\um\winioctl.h(10374,22): warning C4668:                      ^
C:\Program Files (x86)\Windows Kits\10\Include\10.0.19041.0\um\winioctl.h(10377,22): warning C4668: '_WIN32_WINNT_WIN10_RS1' is not defined as a preprocessor macro, replacing with '0' for '#if/#elif'
C:\Program Files (x86)\Windows Kits\10\Include\10.0.19041.0\um\winioctl.h(10377,22): warning C4668: #if (_WIN32_WINNT >= _WIN32_WINNT_WIN10_RS1)
C:\Program Files (x86)\Windows Kits\10\Include\10.0.19041.0\um\winioctl.h(10377,22): warning C4668:                      ^
C:\Program Files (x86)\Windows Kits\10\Include\10.0.19041.0\um\winioctl.h(10380,22): warning C4668: '_WIN32_WINNT_WIN10_RS4' is not defined as a preprocessor macro, replacing with '0' for '#if/#elif'
C:\Program Files (x86)\Windows Kits\10\Include\10.0.19041.0\um\winioctl.h(10380,22): warning C4668: #if (_WIN32_WINNT >= _WIN32_WINNT_WIN10_RS4)
C:\Program Files (x86)\Windows Kits\10\Include\10.0.19041.0\um\winioctl.h(10380,22): warning C4668:                      ^
C:\Program Files (x86)\Windows Kits\10\Include\10.0.19041.0\um\winioctl.h(10385,22): warning C4668: '_WIN32_WINNT_WIN10_RS1' is not defined as a preprocessor macro, replacing with '0' for '#if/#elif'
C:\Program Files (x86)\Windows Kits\10\Include\10.0.19041.0\um\winioctl.h(10385,22): warning C4668: #if (_WIN32_WINNT >= _WIN32_WINNT_WIN10_RS1)
C:\Program Files (x86)\Windows Kits\10\Include\10.0.19041.0\um\winioctl.h(10385,22): warning C4668:                      ^
C:\Program Files (x86)\Windows Kits\10\Include\10.0.19041.0\um\winioctl.h(10388,22): warning C4668: '_WIN32_WINNT_WIN10_RS5' is not defined as a preprocessor macro, replacing with '0' for '#if/#elif'
C:\Program Files (x86)\Windows Kits\10\Include\10.0.19041.0\um\winioctl.h(10388,22): warning C4668: #if (_WIN32_WINNT >= _WIN32_WINNT_WIN10_RS5)
C:\Program Files (x86)\Windows Kits\10\Include\10.0.19041.0\um\winioctl.h(10388,22): warning C4668:                      ^
C:\Program Files (x86)\Windows Kits\10\Include\10.0.19041.0\um\winioctl.h(10588,22): warning C4668: '_WIN32_WINNT_WIN10_RS2' is not defined as a preprocessor macro, replacing with '0' for '#if/#elif'
C:\Program Files (x86)\Windows Kits\10\Include\10.0.19041.0\um\winioctl.h(10588,22): warning C4668: #if (_WIN32_WINNT >= _WIN32_WINNT_WIN10_RS2)
C:\Program Files (x86)\Windows Kits\10\Include\10.0.19041.0\um\winioctl.h(10588,22): warning C4668:                      ^
C:\Program Files (x86)\Windows Kits\10\Include\10.0.19041.0\um\winioctl.h(10612,22): warning C4668: '_WIN32_WINNT_WIN10_RS5' is not defined as a preprocessor macro, replacing with '0' for '#if/#elif'
C:\Program Files (x86)\Windows Kits\10\Include\10.0.19041.0\um\winioctl.h(10612,22): warning C4668: #if (_WIN32_WINNT >= _WIN32_WINNT_WIN10_RS5)
C:\Program Files (x86)\Windows Kits\10\Include\10.0.19041.0\um\winioctl.h(10612,22): warning C4668:                      ^
C:\Program Files (x86)\Windows Kits\10\Include\10.0.19041.0\um\winioctl.h(14093,22): warning C4668: '_WIN32_WINNT_WIN10_RS5' is not defined as a preprocessor macro, replacing with '0' for '#if/#elif'
C:\Program Files (x86)\Windows Kits\10\Include\10.0.19041.0\um\winioctl.h(14093,22): warning C4668: #if (_WIN32_WINNT >= _WIN32_WINNT_WIN10_RS5)
C:\Program Files (x86)\Windows Kits\10\Include\10.0.19041.0\um\winioctl.h(14093,22): warning C4668:                      ^
C:\Program Files (x86)\Windows Kits\10\Include\10.0.19041.0\um\winioctl.h(14296,22): warning C4668: '_WIN32_WINNT_WIN10_RS5' is not defined as a preprocessor macro, replacing with '0' for '#if/#elif'
C:\Program Files (x86)\Windows Kits\10\Include\10.0.19041.0\um\winioctl.h(14296,22): warning C4668: #if (_WIN32_WINNT >= _WIN32_WINNT_WIN10_RS5)
C:\Program Files (x86)\Windows Kits\10\Include\10.0.19041.0\um\winioctl.h(14296,22): warning C4668:                      ^
C:\Program Files (x86)\Windows Kits\10\Include\10.0.19041.0\um\winioctl.h(14399,22): warning C4668: '_WIN32_WINNT_WIN10_RS5' is not defined as a preprocessor macro, replacing with '0' for '#if/#elif'
C:\Program Files (x86)\Windows Kits\10\Include\10.0.19041.0\um\winioctl.h(14399,22): warning C4668: #if (_WIN32_WINNT >= _WIN32_WINNT_WIN10_RS5)
C:\Program Files (x86)\Windows Kits\10\Include\10.0.19041.0\um\winioctl.h(14399,22): warning C4668:                      ^
C:\Program Files (x86)\Windows Kits\10\Include\10.0.19041.0\um\winioctl.h(14495,21): warning C4668: '_WIN32_WINNT_WIN10_RS5' is not defined as a preprocessor macro, replacing with '0' for '#if/#elif'
C:\Program Files (x86)\Windows Kits\10\Include\10.0.19041.0\um\winioctl.h(14495,21): warning C4668: #if (_WIN32_WINNT < _WIN32_WINNT_WIN10_RS5)
C:\Program Files (x86)\Windows Kits\10\Include\10.0.19041.0\um\winioctl.h(14495,21): warning C4668:                     ^
C:\Program Files (x86)\Windows Kits\10\Include\10.0.19041.0\um\winioctl.h(14599,22): warning C4668: '_WIN32_WINNT_WIN10_RS5' is not defined as a preprocessor macro, replacing with '0' for '#if/#elif'
C:\Program Files (x86)\Windows Kits\10\Include\10.0.19041.0\um\winioctl.h(14599,22): warning C4668: #if (_WIN32_WINNT >= _WIN32_WINNT_WIN10_RS5)
C:\Program Files (x86)\Windows Kits\10\Include\10.0.19041.0\um\winioctl.h(14599,22): warning C4668:                      ^
C:\Program Files (x86)\Windows Kits\10\Include\10.0.19041.0\um\winioctl.h(15350,23): warning C4668: '_WIN32_WINNT_WIN10_RS2' is not defined as a preprocessor macro, replacing with '0' for '#if/#elif'
C:\Program Files (x86)\Windows Kits\10\Include\10.0.19041.0\um\winioctl.h(15350,23): warning C4668: #if ((_WIN32_WINNT >= _WIN32_WINNT_WIN10_RS2) && defined(_WIN64))
C:\Program Files (x86)\Windows Kits\10\Include\10.0.19041.0\um\winioctl.h(15350,23): warning C4668:                       ^
C:\Program Files (x86)\Windows Kits\10\Include\10.0.19041.0\um\winioctl.h(15406,22): warning C4668: '_WIN32_WINNT_WIN10_RS2' is not defined as a preprocessor macro, replacing with '0' for '#if/#elif'
C:\Program Files (x86)\Windows Kits\10\Include\10.0.19041.0\um\winioctl.h(15406,22): warning C4668: #if (_WIN32_WINNT >= _WIN32_WINNT_WIN10_RS2)
C:\Program Files (x86)\Windows Kits\10\Include\10.0.19041.0\um\winioctl.h(15406,22): warning C4668:                      ^
C:\Program Files (x86)\Windows Kits\10\Include\10.0.19041.0\um\winioctl.h(15525,22): warning C4668: '_WIN32_WINNT_WIN10_RS3' is not defined as a preprocessor macro, replacing with '0' for '#if/#elif'
C:\Program Files (x86)\Windows Kits\10\Include\10.0.19041.0\um\winioctl.h(15525,22): warning C4668: #if (_WIN32_WINNT >= _WIN32_WINNT_WIN10_RS3)
C:\Program Files (x86)\Windows Kits\10\Include\10.0.19041.0\um\winioctl.h(15525,22): warning C4668:                      ^
C:\Program Files (x86)\Windows Kits\10\Include\10.0.19041.0\um\winioctl.h(15675,22): warning C4668: '_WIN32_WINNT_WIN10_RS4' is not defined as a preprocessor macro, replacing with '0' for '#if/#elif'
C:\Program Files (x86)\Windows Kits\10\Include\10.0.19041.0\um\winioctl.h(15675,22): warning C4668: #if (_WIN32_WINNT >= _WIN32_WINNT_WIN10_RS4)
C:\Program Files (x86)\Windows Kits\10\Include\10.0.19041.0\um\winioctl.h(15675,22): warning C4668:                      ^
C:\Program Files (x86)\Windows Kits\10\Include\10.0.19041.0\um\winioctl.h(15688,22): warning C4668: '_WIN32_WINNT_WIN10_RS4' is not defined as a preprocessor macro, replacing with '0' for '#if/#elif'
C:\Program Files (x86)\Windows Kits\10\Include\10.0.19041.0\um\winioctl.h(15688,22): warning C4668: #if (_WIN32_WINNT >= _WIN32_WINNT_WIN10_RS4)
C:\Program Files (x86)\Windows Kits\10\Include\10.0.19041.0\um\winioctl.h(15688,22): warning C4668:                      ^
C:\Program Files (x86)\Windows Kits\10\Include\10.0.19041.0\um\winioctl.h(15916,22): warning C4668: '_WIN32_WINNT_WIN10_RS1' is not defined as a preprocessor macro, replacing with '0' for '#if/#elif'
C:\Program Files (x86)\Windows Kits\10\Include\10.0.19041.0\um\winioctl.h(15916,22): warning C4668: #if (_WIN32_WINNT >= _WIN32_WINNT_WIN10_RS1)
C:\Program Files (x86)\Windows Kits\10\Include\10.0.19041.0\um\winioctl.h(15916,22): warning C4668:                      ^
  Generating code
  Previous IPDB not found, fall back to full compilation.
C:\Program Files (x86)\Microsoft Visual Studio\2019\Enterprise\VC\Tools\MSVC\14.29.30133\include\system_error(653): warning C4711: function 'class std::_Iostream_error_category2 const & __cdecl std::_Immortalize_memcpy_image<class std::_Iostream_error_category2>(void)' selected for automatic inline expansion
C:\Program Files (x86)\Microsoft Visual Studio\2019\Enterprise\VC\Tools\MSVC\14.29.30133\include\xlocnum(167): warning C4711: function 'char __cdecl std::_Maklocchr<char>(char,char *,struct _Cvtvec const &)' selected for automatic inline expansion
C:\Program Files (x86)\Microsoft Visual Studio\2019\Enterprise\VC\Tools\MSVC\14.29.30133\include\xlocnum(168): warning C4711: function 'char __cdecl std::_Maklocchr<char>(char,char *,struct _Cvtvec const &)' selected for automatic inline expansion
C:\Program Files (x86)\Microsoft Visual Studio\2019\Enterprise\VC\Tools\MSVC\14.29.30133\include\xstring(2292): warning C4710: 'static void __cdecl std::_String_val<struct std::_Simple_types<char> >::_Xran(void)': function not inlined
C:\Program Files (x86)\Microsoft Visual Studio\2019\Enterprise\VC\Tools\MSVC\14.29.30133\include\xlocnum(185): warning C4711: function 'char * __cdecl std::_Maklocstr<char>(char const *,char *,struct _Cvtvec const &)' selected for automatic inline expansion
C:\Program Files (x86)\Microsoft Visual Studio\2019\Enterprise\VC\Tools\MSVC\14.29.30133\include\xlocnum(186): warning C4711: function 'char * __cdecl std::_Maklocstr<char>(char const *,char *,struct _Cvtvec const &)' selected for automatic inline expansion
C:\Program Files (x86)\Microsoft Visual Studio\2019\Enterprise\VC\Tools\MSVC\14.29.30133\include\xlocnum(187): warning C4711: function 'char * __cdecl std::_Maklocstr<char>(char const *,char *,struct _Cvtvec const &)' selected for automatic inline expansion
C:\Program Files (x86)\Microsoft Visual Studio\2019\Enterprise\VC\Tools\MSVC\14.29.30133\include\xlocnum(192): warning C4711: function 'char __cdecl std::_Maklocchr<char>(char,char *,struct _Cvtvec const &)' selected for automatic inline expansion
C:\Program Files (x86)\Microsoft Visual Studio\2019\Enterprise\VC\Tools\MSVC\14.29.30133\include\xlocnum(193): warning C4711: function 'char __cdecl std::_Maklocchr<char>(char,char *,struct _Cvtvec const &)' selected for automatic inline expansion
C:\Program Files (x86)\Microsoft Visual Studio\2019\Enterprise\VC\Tools\MSVC\14.29.30133\include\xlocnum(167): warning C4711: function 'char __cdecl std::_Maklocchr<char>(char,char *,struct _Cvtvec const &)' selected for automatic inline expansion
C:\Program Files (x86)\Microsoft Visual Studio\2019\Enterprise\VC\Tools\MSVC\14.29.30133\include\typeinfo(63): warning C4710: '__thiscall std::bad_cast::bad_cast(void)': function not inlined
C:\Program Files (x86)\Microsoft Visual Studio\2019\Enterprise\VC\Tools\MSVC\14.29.30133\include\exception(316): warning C4710: '__thiscall std::bad_array_new_length::bad_array_new_length(void)': function not inlined
C:\Program Files (x86)\Microsoft Visual Studio\2019\Enterprise\VC\Tools\MSVC\14.29.30133\include\xlocnum(1185): warning C4710: '__thiscall std::_Locinfo::_Locinfo(char const *)': function not inlined
C:\Program Files (x86)\Microsoft Visual Studio\2019\Enterprise\VC\Tools\MSVC\14.29.30133\include\xlocale(2705): warning C4710: '__thiscall std::_Locinfo::_Locinfo(char const *)': function not inlined
C:\Program Files (x86)\Microsoft Visual Studio\2019\Enterprise\VC\Tools\MSVC\14.29.30133\include\xlocnum(168): warning C4711: function 'char __cdecl std::_Maklocchr<char>(char,char *,struct _Cvtvec const &)' selected for automatic inline expansion
C:\Program Files (x86)\Microsoft Visual Studio\2019\Enterprise\VC\Tools\MSVC\14.29.30133\include\xlocnum(1185): warning C4710: '__thiscall std::_Locinfo::~_Locinfo(void)': function not inlined
C:\Program Files (x86)\Microsoft Visual Studio\2019\Enterprise\VC\Tools\MSVC\14.29.30133\include\xlocale(2705): warning C4710: '__thiscall std::_Locinfo::~_Locinfo(void)': function not inlined
C:\Program Files (x86)\Microsoft Visual Studio\2019\Enterprise\VC\Tools\MSVC\14.29.30133\include\xmemory(131): warning C4710: 'void __cdecl std::_Throw_bad_array_new_length(void)': function not inlined
C:\Program Files (x86)\Microsoft Visual Studio\2019\Enterprise\VC\Tools\MSVC\14.29.30133\include\xlocale(434): warning C4710: 'void __cdecl std::_Throw_bad_cast(void)': function not inlined
C:\Program Files (x86)\Microsoft Visual Studio\2019\Enterprise\VC\Tools\MSVC\14.29.30133\include\xmemory(229): warning C4711: function 'void * __cdecl std::_Allocate_manually_vector_aligned<struct std::_Default_allocate_traits>(unsigned int)' selected for automatic inline expansion
C:\Program Files (x86)\Microsoft Visual Studio\2019\Enterprise\VC\Tools\MSVC\14.29.30133\include\xlocnum(185): warning C4711: function 'char * __cdecl std::_Maklocstr<char>(char const *,char *,struct _Cvtvec const &)' selected for automatic inline expansion
C:\Program Files (x86)\Microsoft Visual Studio\2019\Enterprise\VC\Tools\MSVC\14.29.30133\include\xlocnum(186): warning C4711: function 'char * __cdecl std::_Maklocstr<char>(char const *,char *,struct _Cvtvec const &)' selected for automatic inline expansion
C:\Program Files (x86)\Microsoft Visual Studio\2019\Enterprise\VC\Tools\MSVC\14.29.30133\include\xlocnum(187): warning C4711: function 'char * __cdecl std::_Maklocstr<char>(char const *,char *,struct _Cvtvec const &)' selected for automatic inline expansion
C:\Program Files (x86)\Microsoft Visual Studio\2019\Enterprise\VC\Tools\MSVC\14.29.30133\include\xlocnum(192): warning C4711: function 'char __cdecl std::_Maklocchr<char>(char,char *,struct _Cvtvec const &)' selected for automatic inline expansion
C:\Program Files (x86)\Microsoft Visual Studio\2019\Enterprise\VC\Tools\MSVC\14.29.30133\include\xlocnum(193): warning C4711: function 'char __cdecl std::_Maklocchr<char>(char,char *,struct _Cvtvec const &)' selected for automatic inline expansion
C:\Program Files (x86)\Microsoft Visual Studio\2019\Enterprise\VC\Tools\MSVC\14.29.30133\include\xlocnum(167): warning C4711: function 'char __cdecl std::_Maklocchr<char>(char,char *,struct _Cvtvec const &)' selected for automatic inline expansion
C:\Program Files (x86)\Microsoft Visual Studio\2019\Enterprise\VC\Tools\MSVC\14.29.30133\include\xlocnum(168): warning C4711: function 'char __cdecl std::_Maklocchr<char>(char,char *,struct _Cvtvec const &)' selected for automatic inline expansion
C:\Program Files (x86)\Microsoft Visual Studio\2019\Enterprise\VC\Tools\MSVC\14.29.30133\include\xmemory(229): warning C4711: function 'void * __cdecl std::_Allocate_manually_vector_aligned<struct std::_Default_allocate_traits>(unsigned int)' selected for automatic inline expansion
C:\Program Files (x86)\Microsoft Visual Studio\2019\Enterprise\VC\Tools\MSVC\14.29.30133\include\xlocale(434): warning C4710: 'void __cdecl std::_Throw_bad_cast(void)': function not inlined
C:\Program Files (x86)\Microsoft Visual Studio\2019\Enterprise\VC\Tools\MSVC\14.29.30133\include\xstring(4475): warning C4710: 'void __cdecl std::_Xlen_string(void)': function not inlined
C:\Program Files (x86)\Microsoft Visual Studio\2019\Enterprise\VC\Tools\MSVC\14.29.30133\include\xmemory(229): warning C4711: function 'void * __cdecl std::_Allocate_manually_vector_aligned<struct std::_Default_allocate_traits>(unsigned int)' selected for automatic inline expansion
C:\Program Files (x86)\Microsoft Visual Studio\2019\Enterprise\VC\Tools\MSVC\14.29.30133\include\xmemory(229): warning C4711: function 'void * __cdecl std::_Allocate_manually_vector_aligned<struct std::_Default_allocate_traits>(unsigned int)' selected for automatic inline expansion
C:\Program Files (x86)\Microsoft Visual Studio\2019\Enterprise\VC\Tools\MSVC\14.29.30133\include\xstring(4510): warning C4710: 'void __cdecl std::_Xlen_string(void)': function not inlined
C:\Program Files (x86)\Microsoft Visual Studio\2019\Enterprise\VC\Tools\MSVC\14.29.30133\include\xmemory(229): warning C4711: function 'void * __cdecl std::_Allocate_manually_vector_aligned<struct std::_Default_allocate_traits>(unsigned int)' selected for automatic inline expansion
C:\Program Files (x86)\Microsoft Visual Studio\2019\Enterprise\VC\Tools\MSVC\14.29.30133\include\xstring(4475): warning C4710: 'void __cdecl std::_Xlen_string(void)': function not inlined
C:\Program Files (x86)\Microsoft Visual Studio\2019\Enterprise\VC\Tools\MSVC\14.29.30133\include\xstring(4510): warning C4710: 'void __cdecl std::_Xlen_string(void)': function not inlined
C:\Program Files (x86)\Microsoft Visual Studio\2019\Enterprise\VC\Tools\MSVC\14.29.30133\include\xmemory(229): warning C4711: function 'void * __cdecl std::_Allocate_manually_vector_aligned<struct std::_Default_allocate_traits>(unsigned int)' selected for automatic inline expansion
C:\Program Files (x86)\Microsoft Visual Studio\2019\Enterprise\VC\Tools\MSVC\14.29.30133\include\xmemory(229): warning C4711: function 'void * __cdecl std::_Allocate_manually_vector_aligned<struct std::_Default_allocate_traits>(unsigned int)' selected for automatic inline expansion
C:\Program Files (x86)\Microsoft Visual Studio\2019\Enterprise\VC\Tools\MSVC\14.29.30133\include\xstring(4510): warning C4710: 'void __cdecl std::_Xlen_string(void)': function not inlined
C:\Program Files (x86)\Microsoft Visual Studio\2019\Enterprise\VC\Tools\MSVC\14.29.30133\include\xmemory(229): warning C4711: function 'void * __cdecl std::_Allocate_manually_vector_aligned<struct std::_Default_allocate_traits>(unsigned int)' selected for automatic inline expansion
C:\Program Files (x86)\Microsoft Visual Studio\2019\Enterprise\VC\Tools\MSVC\14.29.30133\include\xmemory(229): warning C4711: function 'void * __cdecl std::_Allocate_manually_vector_aligned<struct std::_Default_allocate_traits>(unsigned int)' selected for automatic inline expansion
C:\Program Files (x86)\Microsoft Visual Studio\2019\Enterprise\VC\Tools\MSVC\14.29.30133\include\xmemory(229): warning C4711: function 'void * __cdecl std::_Allocate_manually_vector_aligned<struct std::_Default_allocate_traits>(unsigned int)' selected for automatic inline expansion
C:\Program Files (x86)\Microsoft Visual Studio\2019\Enterprise\VC\Tools\MSVC\14.29.30133\include\xmemory(229): warning C4711: function 'void * __cdecl std::_Allocate_manually_vector_aligned<struct std::_Default_allocate_traits>(unsigned int)' selected for automatic inline expansion
C:\Program Files (x86)\Microsoft Visual Studio\2019\Enterprise\VC\Tools\MSVC\14.29.30133\include\xstring(3155): warning C4710: 'class std::basic_string<char,struct std::char_traits<char>,class std::allocator<char> > & __thiscall std::basic_string<char,struct std::char_traits<char>,class std::allocator<char> >::_Reallocate_grow_by<class <lambda_c1b8c41cb4019640539cfd828748c4d4>,unsigned int,char>(unsigned int,class <lambda_c1b8c41cb4019640539cfd828748c4d4>,unsigned int,char)': function not inlined
C:\Program Files (x86)\Microsoft Visual Studio\2019\Enterprise\VC\Tools\MSVC\14.29.30133\include\xstring(3129): warning C4710: 'class std::basic_string<char,struct std::char_traits<char>,class std::allocator<char> > & __thiscall std::basic_string<char,struct std::char_traits<char>,class std::allocator<char> >::_Reallocate_grow_by<class <lambda_ab246b20b9526e2ef7792587e4298a77>,char const *,unsigned int>(unsigned int,class <lambda_ab246b20b9526e2ef7792587e4298a77>,char const *,unsigned int)': function not inlined
C:\Program Files (x86)\Microsoft Visual Studio\2019\Enterprise\VC\Tools\MSVC\14.29.30133\include\xlocnum(149): warning C4710: '__thiscall std::_Locinfo::_Locinfo(char const *)': function not inlined
C:\Program Files (x86)\Microsoft Visual Studio\2019\Enterprise\VC\Tools\MSVC\14.29.30133\include\xlocnum(185): warning C4711: function 'char * __cdecl std::_Maklocstr<char>(char const *,char *,struct _Cvtvec const &)' selected for automatic inline expansion
C:\Program Files (x86)\Microsoft Visual Studio\2019\Enterprise\VC\Tools\MSVC\14.29.30133\include\xlocnum(186): warning C4711: function 'char * __cdecl std::_Maklocstr<char>(char const *,char *,struct _Cvtvec const &)' selected for automatic inline expansion
C:\Program Files (x86)\Microsoft Visual Studio\2019\Enterprise\VC\Tools\MSVC\14.29.30133\include\xlocnum(187): warning C4711: function 'char * __cdecl std::_Maklocstr<char>(char const *,char *,struct _Cvtvec const &)' selected for automatic inline expansion
C:\Program Files (x86)\Microsoft Visual Studio\2019\Enterprise\VC\Tools\MSVC\14.29.30133\include\xlocnum(192): warning C4711: function 'char __cdecl std::_Maklocchr<char>(char,char *,struct _Cvtvec const &)' selected for automatic inline expansion
C:\Program Files (x86)\Microsoft Visual Studio\2019\Enterprise\VC\Tools\MSVC\14.29.30133\include\xlocnum(193): warning C4711: function 'char __cdecl std::_Maklocchr<char>(char,char *,struct _Cvtvec const &)' selected for automatic inline expansion
C:\Program Files (x86)\Microsoft Visual Studio\2019\Enterprise\VC\Tools\MSVC\14.29.30133\include\xlocnum(167): warning C4711: function 'char __cdecl std::_Maklocchr<char>(char,char *,struct _Cvtvec const &)' selected for automatic inline expansion
C:\Program Files (x86)\Microsoft Visual Studio\2019\Enterprise\VC\Tools\MSVC\14.29.30133\include\xlocnum(168): warning C4711: function 'char __cdecl std::_Maklocchr<char>(char,char *,struct _Cvtvec const &)' selected for automatic inline expansion
C:\Program Files (x86)\Microsoft Visual Studio\2019\Enterprise\VC\Tools\MSVC\14.29.30133\include\xlocnum(149): warning C4710: '__thiscall std::_Locinfo::~_Locinfo(void)': function not inlined
C:\Program Files (x86)\Microsoft Visual Studio\2019\Enterprise\VC\Tools\MSVC\14.29.30133\include\xstring(3368): warning C4710: 'class std::basic_string<char,struct std::char_traits<char>,class std::allocator<char> > & __thiscall std::basic_string<char,struct std::char_traits<char>,class std::allocator<char> >::_Reallocate_grow_by<class <lambda_6607a66f2a10a1261ff9db96cba1015b>,unsigned int,unsigned int,char>(unsigned int,class <lambda_6607a66f2a10a1261ff9db96cba1015b>,unsigned int,unsigned int,char)': function not inlined
C:\Program Files (x86)\Microsoft Visual Studio\2019\Enterprise\VC\Tools\MSVC\14.29.30133\include\xstring(2509): warning C4710: 'class std::basic_string<char,struct std::char_traits<char>,class std::allocator<char> > & __thiscall std::basic_string<char,struct std::char_traits<char>,class std::allocator<char> >::assign(unsigned int,char)': function not inlined
C:\Program Files (x86)\Microsoft Visual Studio\2019\Enterprise\VC\Tools\MSVC\14.29.30133\include\xstring(3230): warning C4710: 'class std::basic_string<char,struct std::char_traits<char>,class std::allocator<char> > & __thiscall std::basic_string<char,struct std::char_traits<char>,class std::allocator<char> >::assign(char const * const,unsigned int)': function not inlined
C:\Program Files (x86)\Microsoft Visual Studio\2019\Enterprise\VC\Tools\MSVC\14.29.30133\include\xstring(2469): warning C4710: 'class std::basic_string<char,struct std::char_traits<char>,class std::allocator<char> > & __thiscall std::basic_string<char,struct std::char_traits<char>,class std::allocator<char> >::assign(char const * const,unsigned int)': function not inlined
C:\Program Files (x86)\Microsoft Visual Studio\2019\Enterprise\VC\Tools\MSVC\14.29.30133\include\xlocale(434): warning C4710: 'void __cdecl std::_Throw_bad_cast(void)': function not inlined
C:\Program Files (x86)\Microsoft Visual Studio\2019\Enterprise\VC\Tools\MSVC\14.29.30133\include\xlocnum(185): warning C4711: function 'char * __cdecl std::_Maklocstr<char>(char const *,char *,struct _Cvtvec const &)' selected for automatic inline expansion
C:\Program Files (x86)\Microsoft Visual Studio\2019\Enterprise\VC\Tools\MSVC\14.29.30133\include\xlocnum(186): warning C4711: function 'char * __cdecl std::_Maklocstr<char>(char const *,char *,struct _Cvtvec const &)' selected for automatic inline expansion
C:\Program Files (x86)\Microsoft Visual Studio\2019\Enterprise\VC\Tools\MSVC\14.29.30133\include\xlocnum(187): warning C4711: function 'char * __cdecl std::_Maklocstr<char>(char const *,char *,struct _Cvtvec const &)' selected for automatic inline expansion
C:\Program Files (x86)\Microsoft Visual Studio\2019\Enterprise\VC\Tools\MSVC\14.29.30133\include\xlocnum(192): warning C4711: function 'char __cdecl std::_Maklocchr<char>(char,char *,struct _Cvtvec const &)' selected for automatic inline expansion
C:\Program Files (x86)\Microsoft Visual Studio\2019\Enterprise\VC\Tools\MSVC\14.29.30133\include\xlocnum(193): warning C4711: function 'char __cdecl std::_Maklocchr<char>(char,char *,struct _Cvtvec const &)' selected for automatic inline expansion
C:\Program Files (x86)\Microsoft Visual Studio\2019\Enterprise\VC\Tools\MSVC\14.29.30133\include\xlocnum(167): warning C4711: function 'char __cdecl std::_Maklocchr<char>(char,char *,struct _Cvtvec const &)' selected for automatic inline expansion
C:\Program Files (x86)\Microsoft Visual Studio\2019\Enterprise\VC\Tools\MSVC\14.29.30133\include\xlocnum(168): warning C4711: function 'char __cdecl std::_Maklocchr<char>(char,char *,struct _Cvtvec const &)' selected for automatic inline expansion
C:\Program Files (x86)\Microsoft Visual Studio\2019\Enterprise\VC\Tools\MSVC\14.29.30133\include\xmemory(229): warning C4711: function 'void * __cdecl std::_Allocate_manually_vector_aligned<struct std::_Default_allocate_traits>(unsigned int)' selected for automatic inline expansion
C:\Program Files (x86)\Microsoft Visual Studio\2019\Enterprise\VC\Tools\MSVC\14.29.30133\include\xlocnum(1261): warning C4710: 'class std::basic_string<char,struct std::char_traits<char>,class std::allocator<char> > & __thiscall std::basic_string<char,struct std::char_traits<char>,class std::allocator<char> >::assign(class std::basic_string<char,struct std::char_traits<char>,class std::allocator<char> > &&)': function not inlined
C:\Program Files (x86)\Microsoft Visual Studio\2019\Enterprise\VC\Tools\MSVC\14.29.30133\include\xlocnum(1263): warning C4710: 'class std::basic_string<char,struct std::char_traits<char>,class std::allocator<char> > & __thiscall std::basic_string<char,struct std::char_traits<char>,class std::allocator<char> >::assign(class std::basic_string<char,struct std::char_traits<char>,class std::allocator<char> > &&)': function not inlined
C:\Program Files (x86)\Microsoft Visual Studio\2019\Enterprise\VC\Tools\MSVC\14.29.30133\include\xlocnum(1274): warning C4710: 'class std::ostreambuf_iterator<char,struct std::char_traits<char> > __cdecl std::num_put<char,class std::ostreambuf_iterator<char,struct std::char_traits<char> > >::_Rep(class std::ostreambuf_iterator<char,struct std::char_traits<char> >,char,unsigned int)const ': function not inlined
C:\Program Files (x86)\Microsoft Visual Studio\2019\Enterprise\VC\Tools\MSVC\14.29.30133\include\xlocnum(1277): warning C4710: 'class std::ostreambuf_iterator<char,struct std::char_traits<char> > __cdecl std::num_put<char,class std::ostreambuf_iterator<char,struct std::char_traits<char> > >::_Put(class std::ostreambuf_iterator<char,struct std::char_traits<char> >,char const *,unsigned int)const ': function not inlined
C:\Program Files (x86)\Microsoft Visual Studio\2019\Enterprise\VC\Tools\MSVC\14.29.30133\include\xlocnum(1279): warning C4710: 'class std::ostreambuf_iterator<char,struct std::char_traits<char> > __cdecl std::num_put<char,class std::ostreambuf_iterator<char,struct std::char_traits<char> > >::_Rep(class std::ostreambuf_iterator<char,struct std::char_traits<char> >,char,unsigned int)const ': function not inlined
C:\Program Files (x86)\Microsoft Visual Studio\2019\Enterprise\VC\Tools\MSVC\14.29.30133\include\xlocnum(1562): warning C4710: 'class std::ostreambuf_iterator<char,struct std::char_traits<char> > __cdecl std::num_put<char,class std::ostreambuf_iterator<char,struct std::char_traits<char> > >::_Rep(class std::ostreambuf_iterator<char,struct std::char_traits<char> >,char,unsigned int)const ': function not inlined
C:\Program Files (x86)\Microsoft Visual Studio\2019\Enterprise\VC\Tools\MSVC\14.29.30133\include\xlocnum(1478): warning C4710: 'class std::ostreambuf_iterator<char,struct std::char_traits<char> > __cdecl std::num_put<char,class std::ostreambuf_iterator<char,struct std::char_traits<char> > >::_Rep(class std::ostreambuf_iterator<char,struct std::char_traits<char> >,char,unsigned int)const ': function not inlined
C:\Program Files (x86)\Microsoft Visual Studio\2019\Enterprise\VC\Tools\MSVC\14.29.30133\include\xlocnum(1564): warning C4710: 'class std::ostreambuf_iterator<char,struct std::char_traits<char> > __cdecl std::num_put<char,class std::ostreambuf_iterator<char,struct std::char_traits<char> > >::_Put(class std::ostreambuf_iterator<char,struct std::char_traits<char> >,char const *,unsigned int)const ': function not inlined
C:\Program Files (x86)\Microsoft Visual Studio\2019\Enterprise\VC\Tools\MSVC\14.29.30133\include\xlocnum(1480): warning C4710: 'class std::ostreambuf_iterator<char,struct std::char_traits<char> > __cdecl std::num_put<char,class std::ostreambuf_iterator<char,struct std::char_traits<char> > >::_Put(class std::ostreambuf_iterator<char,struct std::char_traits<char> >,char const *,unsigned int)const ': function not inlined
C:\Program Files (x86)\Microsoft Visual Studio\2019\Enterprise\VC\Tools\MSVC\14.29.30133\include\xlocnum(1566): warning C4710: 'class std::ostreambuf_iterator<char,struct std::char_traits<char> > __cdecl std::num_put<char,class std::ostreambuf_iterator<char,struct std::char_traits<char> > >::_Put(class std::ostreambuf_iterator<char,struct std::char_traits<char> >,char const *,unsigned int)const ': function not inlined
C:\Program Files (x86)\Microsoft Visual Studio\2019\Enterprise\VC\Tools\MSVC\14.29.30133\include\xlocnum(1482): warning C4710: 'class std::ostreambuf_iterator<char,struct std::char_traits<char> > __cdecl std::num_put<char,class std::ostreambuf_iterator<char,struct std::char_traits<char> > >::_Put(class std::ostreambuf_iterator<char,struct std::char_traits<char> >,char const *,unsigned int)const ': function not inlined
C:\Program Files (x86)\Microsoft Visual Studio\2019\Enterprise\VC\Tools\MSVC\14.29.30133\include\xlocnum(1567): warning C4710: 'class std::ostreambuf_iterator<char,struct std::char_traits<char> > __cdecl std::num_put<char,class std::ostreambuf_iterator<char,struct std::char_traits<char> > >::_Rep(class std::ostreambuf_iterator<char,struct std::char_traits<char> >,char,unsigned int)const ': function not inlined
C:\Program Files (x86)\Microsoft Visual Studio\2019\Enterprise\VC\Tools\MSVC\14.29.30133\include\xlocnum(1483): warning C4710: 'class std::ostreambuf_iterator<char,struct std::char_traits<char> > __cdecl std::num_put<char,class std::ostreambuf_iterator<char,struct std::char_traits<char> > >::_Rep(class std::ostreambuf_iterator<char,struct std::char_traits<char> >,char,unsigned int)const ': function not inlined
C:\Program Files (x86)\Microsoft Visual Studio\2019\Enterprise\VC\Tools\MSVC\14.29.30133\include\xlocnum(1570): warning C4710: 'class std::ostreambuf_iterator<char,struct std::char_traits<char> > __cdecl std::num_put<char,class std::ostreambuf_iterator<char,struct std::char_traits<char> > >::_Put(class std::ostreambuf_iterator<char,struct std::char_traits<char> >,char const *,unsigned int)const ': function not inlined
C:\Program Files (x86)\Microsoft Visual Studio\2019\Enterprise\VC\Tools\MSVC\14.29.30133\include\xlocnum(1486): warning C4710: 'class std::ostreambuf_iterator<char,struct std::char_traits<char> > __cdecl std::num_put<char,class std::ostreambuf_iterator<char,struct std::char_traits<char> > >::_Put(class std::ostreambuf_iterator<char,struct std::char_traits<char> >,char const *,unsigned int)const ': function not inlined
C:\Program Files (x86)\Microsoft Visual Studio\2019\Enterprise\VC\Tools\MSVC\14.29.30133\include\xlocnum(1573): warning C4710: 'class std::ostreambuf_iterator<char,struct std::char_traits<char> > __cdecl std::num_put<char,class std::ostreambuf_iterator<char,struct std::char_traits<char> > >::_Put(class std::ostreambuf_iterator<char,struct std::char_traits<char> >,char const *,unsigned int)const ': function not inlined
C:\Program Files (x86)\Microsoft Visual Studio\2019\Enterprise\VC\Tools\MSVC\14.29.30133\include\xlocnum(1489): warning C4710: 'class std::ostreambuf_iterator<char,struct std::char_traits<char> > __cdecl std::num_put<char,class std::ostreambuf_iterator<char,struct std::char_traits<char> > >::_Put(class std::ostreambuf_iterator<char,struct std::char_traits<char> >,char const *,unsigned int)const ': function not inlined
C:\Program Files (x86)\Microsoft Visual Studio\2019\Enterprise\VC\Tools\MSVC\14.29.30133\include\xlocnum(1575): warning C4710: 'class std::ostreambuf_iterator<char,struct std::char_traits<char> > __cdecl std::num_put<char,class std::ostreambuf_iterator<char,struct std::char_traits<char> > >::_Rep(class std::ostreambuf_iterator<char,struct std::char_traits<char> >,char,unsigned int)const ': function not inlined
C:\Program Files (x86)\Microsoft Visual Studio\2019\Enterprise\VC\Tools\MSVC\14.29.30133\include\xlocnum(1491): warning C4710: 'class std::ostreambuf_iterator<char,struct std::char_traits<char> > __cdecl std::num_put<char,class std::ostreambuf_iterator<char,struct std::char_traits<char> > >::_Rep(class std::ostreambuf_iterator<char,struct std::char_traits<char> >,char,unsigned int)const ': function not inlined
C:\Program Files (x86)\Microsoft Visual Studio\2019\Enterprise\VC\Tools\MSVC\14.29.30133\include\system_error(451): warning C4710: '__thiscall std::_System_error::_System_error(class std::error_code,class std::basic_string<char,struct std::char_traits<char>,class std::allocator<char> > const &)': function not inlined
C:\Program Files (x86)\Microsoft Visual Studio\2019\Enterprise\VC\Tools\MSVC\14.29.30133\include\xiosbase(257): warning C4710: 'class std::error_code __cdecl std::make_error_code(enum std::io_errc)': function not inlined
C:\Program Files (x86)\Microsoft Visual Studio\2019\Enterprise\VC\Tools\MSVC\14.29.30133\include\xiosbase(257): warning C4710: '__thiscall std::ios_base::failure::failure(char const *,class std::error_code const &)': function not inlined
C:\Program Files (x86)\Microsoft Visual Studio\2019\Enterprise\VC\Tools\MSVC\14.29.30133\include\ios(39): warning C4710: 'void __thiscall std::ios_base::clear(int,bool)': function not inlined
C:\Program Files (x86)\Microsoft Visual Studio\2019\Enterprise\VC\Tools\MSVC\14.29.30133\include\ostream(118): warning C4710: 'void __thiscall std::basic_ostream<char,struct std::char_traits<char> >::_Osfx(void)': function not inlined
C:\Program Files (x86)\Microsoft Visual Studio\2019\Enterprise\VC\Tools\MSVC\14.29.30133\include\xlocnum(1299): warning C4710: 'sprintf_s': function not inlined
C:\Program Files (x86)\Microsoft Visual Studio\2019\Enterprise\VC\Tools\MSVC\14.29.30133\include\xlocnum(1374): warning C4710: 'sprintf_s': function not inlined
C:\Program Files (x86)\Microsoft Visual Studio\2019\Enterprise\VC\Tools\MSVC\14.29.30133\include\xlocnum(1308): warning C4710: 'sprintf_s': function not inlined
C:\Program Files (x86)\Microsoft Visual Studio\2019\Enterprise\VC\Tools\MSVC\14.29.30133\include\xlocnum(1317): warning C4710: 'sprintf_s': function not inlined
C:\Program Files (x86)\Microsoft Visual Studio\2019\Enterprise\VC\Tools\MSVC\14.29.30133\include\xlocnum(1299): warning C4710: 'char * __cdecl std::num_put<char,class std::ostreambuf_iterator<char,struct std::char_traits<char> > >::_Ifmt(char *,char const *,int)const ': function not inlined
C:\Program Files (x86)\Microsoft Visual Studio\2019\Enterprise\VC\Tools\MSVC\14.29.30133\include\xlocnum(1308): warning C4710: 'char * __cdecl std::num_put<char,class std::ostreambuf_iterator<char,struct std::char_traits<char> > >::_Ifmt(char *,char const *,int)const ': function not inlined
C:\Program Files (x86)\Microsoft Visual Studio\2019\Enterprise\VC\Tools\MSVC\14.29.30133\include\xlocnum(1290): warning C4710: 'sprintf_s': function not inlined
C:\Program Files (x86)\Microsoft Visual Studio\2019\Enterprise\VC\Tools\MSVC\14.29.30133\include\xlocnum(1374): warning C4710: 'class std::ostreambuf_iterator<char,struct std::char_traits<char> > __cdecl std::num_put<char,class std::ostreambuf_iterator<char,struct std::char_traits<char> > >::_Iput(class std::ostreambuf_iterator<char,struct std::char_traits<char> >,class std::ios_base &,char,char *,unsigned int)const ': function not inlined
C:\Program Files (x86)\Microsoft Visual Studio\2019\Enterprise\VC\Tools\MSVC\14.29.30133\include\xlocnum(1308): warning C4710: 'class std::ostreambuf_iterator<char,struct std::char_traits<char> > __cdecl std::num_put<char,class std::ostreambuf_iterator<char,struct std::char_traits<char> > >::_Iput(class std::ostreambuf_iterator<char,struct std::char_traits<char> >,class std::ios_base &,char,char *,unsigned int)const ': function not inlined
C:\Program Files (x86)\Microsoft Visual Studio\2019\Enterprise\VC\Tools\MSVC\14.29.30133\include\xlocnum(1299): warning C4710: 'class std::ostreambuf_iterator<char,struct std::char_traits<char> > __cdecl std::num_put<char,class std::ostreambuf_iterator<char,struct std::char_traits<char> > >::_Iput(class std::ostreambuf_iterator<char,struct std::char_traits<char> >,class std::ios_base &,char,char *,unsigned int)const ': function not inlined
C:\Program Files (x86)\Microsoft Visual Studio\2019\Enterprise\VC\Tools\MSVC\14.29.30133\include\xlocnum(1290): warning C4710: 'char * __cdecl std::num_put<char,class std::ostreambuf_iterator<char,struct std::char_traits<char> > >::_Ifmt(char *,char const *,int)const ': function not inlined
C:\Program Files (x86)\Microsoft Visual Studio\2019\Enterprise\VC\Tools\MSVC\14.29.30133\include\xlocnum(1317): warning C4710: 'char * __cdecl std::num_put<char,class std::ostreambuf_iterator<char,struct std::char_traits<char> > >::_Ifmt(char *,char const *,int)const ': function not inlined
C:\Program Files (x86)\Microsoft Visual Studio\2019\Enterprise\VC\Tools\MSVC\14.29.30133\include\xlocnum(1290): warning C4710: 'class std::ostreambuf_iterator<char,struct std::char_traits<char> > __cdecl std::num_put<char,class std::ostreambuf_iterator<char,struct std::char_traits<char> > >::_Iput(class std::ostreambuf_iterator<char,struct std::char_traits<char> >,class std::ios_base &,char,char *,unsigned int)const ': function not inlined
C:\Program Files (x86)\Microsoft Visual Studio\2019\Enterprise\VC\Tools\MSVC\14.29.30133\include\xlocnum(1317): warning C4710: 'class std::ostreambuf_iterator<char,struct std::char_traits<char> > __cdecl std::num_put<char,class std::ostreambuf_iterator<char,struct std::char_traits<char> > >::_Iput(class std::ostreambuf_iterator<char,struct std::char_traits<char> >,class std::ios_base &,char,char *,unsigned int)const ': function not inlined
C:\Program Files (x86)\Microsoft Visual Studio\2019\Enterprise\VC\Tools\MSVC\14.29.30133\include\ostream(547): warning C4710: '__thiscall std::basic_ostream<char,struct std::char_traits<char> >::sentry::sentry(class std::basic_ostream<char,struct std::char_traits<char> > &)': function not inlined
C:\Program Files (x86)\Microsoft Visual Studio\2019\Enterprise\VC\Tools\MSVC\14.29.30133\include\xlocnum(1339): warning C4710: 'sprintf_s': function not inlined
C:\Program Files (x86)\Microsoft Visual Studio\2019\Enterprise\VC\Tools\MSVC\14.29.30133\include\xlocnum(1353): warning C4711: function 'int __cdecl std::_Float_put_desired_precision<long double>(__int64,int)' selected for automatic inline expansion
C:\Program Files (x86)\Microsoft Visual Studio\2019\Enterprise\VC\Tools\MSVC\14.29.30133\include\xlocnum(1329): warning C4711: function 'int __cdecl std::_Float_put_desired_precision<double>(__int64,int)' selected for automatic inline expansion
C:\Program Files (x86)\Microsoft Visual Studio\2019\Enterprise\VC\Tools\MSVC\14.29.30133\include\xlocnum(1339): warning C4710: 'char * __cdecl std::num_put<char,class std::ostreambuf_iterator<char,struct std::char_traits<char> > >::_Ffmt(char *,char,int)const ': function not inlined
C:\Program Files (x86)\Microsoft Visual Studio\2019\Enterprise\VC\Tools\MSVC\14.29.30133\include\xlocnum(1342): warning C4710: 'class std::ostreambuf_iterator<char,struct std::char_traits<char> > __cdecl std::num_put<char,class std::ostreambuf_iterator<char,struct std::char_traits<char> > >::_Fput(class std::ostreambuf_iterator<char,struct std::char_traits<char> >,class std::ios_base &,char,char const *,unsigned int)const ': function not inlined
C:\Program Files (x86)\Microsoft Visual Studio\2019\Enterprise\VC\Tools\MSVC\14.29.30133\include\ostream(103): warning C4710: 'class std::basic_ostream<char,struct std::char_traits<char> > & __thiscall std::basic_ostream<char,struct std::char_traits<char> >::flush(void)': function not inlined
C:\Program Files (x86)\Microsoft Visual Studio\2019\Enterprise\VC\Tools\MSVC\14.29.30133\include\ostream(518): warning C4710: 'void __thiscall std::basic_ios<char,struct std::char_traits<char> >::setstate(int,bool)': function not inlined
C:\Program Files (x86)\Microsoft Visual Studio\2019\Enterprise\VC\Tools\MSVC\14.29.30133\include\ostream(324): warning C4710: 'void __thiscall std::basic_ios<char,struct std::char_traits<char> >::setstate(int,bool)': function not inlined
C:\Program Files (x86)\Microsoft Visual Studio\2019\Enterprise\VC\Tools\MSVC\14.29.30133\include\ostream(342): warning C4710: 'void __thiscall std::basic_ios<char,struct std::char_traits<char> >::setstate(int,bool)': function not inlined
C:\Program Files (x86)\Microsoft Visual Studio\2019\Enterprise\VC\Tools\MSVC\14.29.30133\include\ostream(767): warning C4710: 'void __thiscall std::basic_ios<char,struct std::char_traits<char> >::setstate(int,bool)': function not inlined
C:\Program Files (x86)\Microsoft Visual Studio\2019\Enterprise\VC\Tools\MSVC\14.29.30133\include\ostream(975): warning C4710: 'class std::basic_ostream<char,struct std::char_traits<char> > & __thiscall std::basic_ostream<char,struct std::char_traits<char> >::put(char)': function not inlined
C:\Program Files (x86)\Microsoft Visual Studio\2019\Enterprise\VC\Tools\MSVC\14.29.30133\include\ostream(976): warning C4710: 'class std::basic_ostream<char,struct std::char_traits<char> > & __thiscall std::basic_ostream<char,struct std::char_traits<char> >::flush(void)': function not inlined
C:\Program Files (x86)\Microsoft Visual Studio\2019\Enterprise\VC\Tools\MSVC\14.29.30133\include\ostream(184): warning C4711: function 'class std::basic_ostream<char,struct std::char_traits<char> > & __cdecl std::endl<char,struct std::char_traits<char> >(class std::basic_ostream<char,struct std::char_traits<char> > &)' selected for automatic inline expansion
  All 318 functions were compiled because no usable IPDB/IOBJ from previous compilation was found.
  Finished generating code
  CheatEnginePatreonHack.vcxproj -> C:\Users\Administrator.DESKTOP-RD912EI\Source\Repos\CheatEnginePatreonHack\Release\CheatEnginePatreonHack.exe
